============================= test session starts ==============================
platform darwin -- Python 3.13.13, pytest-9.1.1, pluggy-1.6.0 -- /Users/honor.pei/Documents/订单项目/乡墅爆款短视频复刻/.worktrees/feat/customer-v3-t02-baseline/server/.venv/bin/python3
cachedir: .pytest_cache
rootdir: /Users/honor.pei/Documents/订单项目/乡墅爆款短视频复刻/.worktrees/feat/customer-v3-t02-baseline/server
configfile: pyproject.toml
plugins: anyio-4.14.2
collecting ... collected 582 items

server/tests/test_analysis.py::test_fake_gemini_analysis_repairs_invalid_json_once PASSED [  0%]
server/tests/test_analysis.py::test_analysis_rejects_shots_without_motion_and_repairs_once PASSED [  0%]
server/tests/test_analysis.py::test_apilio_gemini_uses_signed_video_url_and_records_no_secret_or_url PASSED [  0%]
server/tests/test_analysis.py::test_apilio_gemini_rejects_non_https_video_urls PASSED [  0%]
server/tests/test_analysis.py::test_video_analysis_uses_the_fixed_apilio_origin_when_legacy_base_url_exists PASSED [  0%]
server/tests/test_analysis.py::test_real_video_analysis_refuses_a_non_https_storage_download_intent PASSED [  1%]
server/tests/test_analysis.py::test_analysis_schema_rejects_overlap_and_unknown_fields PASSED [  1%]
server/tests/test_analysis.py::test_project_owner_can_create_and_read_analysis_version PASSED [  1%]
server/tests/test_analysis.py::test_analysis_can_restore_duration_from_completed_asset_metadata PASSED [  1%]
server/tests/test_analysis.py::test_analysis_recovery_reuses_the_existing_version PASSED [  1%]
server/tests/test_analysis.py::test_concurrent_analysis_recovery_creates_only_one_version PASSED [  1%]
server/tests/test_analysis.py::test_concurrent_idempotent_analysis_starts_create_only_one_version PASSED [  2%]
server/tests/test_analysis.py::test_project_owner_can_read_the_latest_analysis_version PASSED [  2%]
server/tests/test_analysis.py::test_analysis_routes_require_existing_rbac PASSED [  2%]
server/tests/test_analysis.py::test_analysis_rejects_pending_or_non_reference_assets PASSED [  2%]
server/tests/test_analysis.py::test_manual_shot_card_version_is_not_overwritten_by_new_analysis PASSED [  2%]
server/tests/test_analysis.py::test_analysis_accepts_a_duration_within_the_upload_rounding_tolerance PASSED [  2%]
server/tests/test_analysis.py::test_urllib_transport_marks_a_network_failure_as_retryable_without_leaking_the_url PASSED [  3%]
server/tests/test_analysis.py::test_urllib_transport_marks_upstream_server_errors_as_retryable PASSED [  3%]
server/tests/test_analysis.py::test_urllib_transport_marks_client_errors_as_non_retryable PASSED [  3%]
server/tests/test_analysis.py::test_apilio_gemini_marks_an_unreadable_response_as_a_response_failure PASSED [  3%]
server/tests/test_analysis.py::test_analysis_maps_a_network_failure_to_a_retryable_unreachable_error PASSED [  3%]
server/tests/test_analysis.py::test_analysis_maps_an_invalid_provider_response_to_a_non_retryable_error PASSED [  3%]
server/tests/test_analysis.py::test_analysis_maps_upstream_rate_limiting_to_a_retryable_error PASSED [  4%]
server/tests/test_apilio_image_provider.py::test_gpt_image_edit_uses_apilio_multipart_contract_and_downloads_url_response PASSED [  4%]
server/tests/test_apilio_image_provider.py::test_nano_banana_edit_uses_source_ratio_and_2k_defaults PASSED [  4%]
server/tests/test_apilio_image_provider.py::test_provider_rejects_malformed_or_unsupported_image_responses PASSED [  4%]
server/tests/test_apilio_image_provider.py::test_provider_rejects_image_bytes_that_do_not_match_the_reported_type PASSED [  4%]
server/tests/test_apilio_image_provider.py::test_provider_rejects_a_response_with_the_wrong_candidate_count PASSED [  4%]
server/tests/test_apilio_image_provider.py::test_provider_output_urls_require_https_and_jpeg_source_ratio_is_preserved PASSED [  5%]
server/tests/test_build_contracts.py::test_cargo_build_uses_workspace_isolated_target_directory PASSED [  5%]
server/tests/test_build_contracts.py::test_python_quality_commands_survive_a_relocated_virtualenv PASSED [  5%]
server/tests/test_build_contracts.py::test_api_uses_the_project_interpreter_instead_of_a_global_uvicorn PASSED [  5%]
server/tests/test_build_contracts.py::test_local_start_commands_upgrade_the_database_before_api_or_worker PASSED [  5%]
server/tests/test_build_contracts.py::test_pull_requests_run_linux_quality_and_windows_nsis_gates PASSED [  6%]
server/tests/test_build_contracts.py::test_posix_backend_launcher_executes_default_commands PASSED [  6%]
server/tests/test_build_contracts.py::test_packaged_launchers_reject_partial_command_overrides PASSED [  6%]
server/tests/test_build_contracts.py::test_posix_packaged_launcher_runs_without_uv_or_server_sources PASSED [  6%]
server/tests/test_character_asset_review.py::test_admin_review_is_append_only_and_roles_fail_closed PASSED [  6%]
server/tests/test_character_asset_review.py::test_publish_freezes_seven_approved_assets_and_is_idempotent PASSED [  6%]
server/tests/test_character_asset_review.py::test_publish_rejects_incomplete_unapproved_active_or_revoked_state PASSED [  7%]
server/tests/test_character_asset_review.py::test_publish_storage_failure_removes_partial_approved_objects PASSED [  7%]
server/tests/test_character_asset_review.py::test_publish_rejects_non_png_candidate_before_copying PASSED [  7%]
server/tests/test_character_asset_review.py::test_publish_revalidates_version_after_approved_object_copy PASSED [  7%]
server/tests/test_character_asset_review.py::test_publication_snapshot_is_canonical_json PASSED [  7%]
server/tests/test_character_domain.py::test_character_domain_contracts_are_published_in_openapi PASSED [  7%]
server/tests/test_character_domain.py::test_generated_client_contains_character_domain_contracts PASSED [  8%]
server/tests/test_character_domain.py::test_empty_database_upgrade_creates_character_domain_constraints PASSED [  8%]
server/tests/test_character_domain.py::test_legacy_character_upgrade_backfills_domain_and_preserves_project_snapshot PASSED [  8%]
server/tests/test_character_domain.py::test_legacy_template_hash_backfill_is_reversible PASSED [  8%]
server/tests/test_character_domain.py::test_character_domain_downgrade_and_reupgrade_preserve_legacy_data PASSED [  8%]
server/tests/test_character_domain.py::test_character_identity_asset_downgrade_roundtrip_preserves_object_and_reference PASSED [  8%]
server/tests/test_character_domain.py::test_character_image_generation_migration_downgrade_roundtrip PASSED [  9%]
server/tests/test_character_domain.py::test_character_asset_publication_migration_downgrade_roundtrip PASSED [  9%]
server/tests/test_character_domain.py::test_character_reference_snapshot_migration_downgrade_roundtrip PASSED [  9%]
server/tests/test_character_domain.py::test_character_image_generation_migration_backfills_existing_tasks PASSED [  9%]
server/tests/test_character_domain.py::test_legacy_character_upgrade_preserves_revoked_and_expired_authorization PASSED [  9%]
server/tests/test_character_domain.py::test_legacy_selection_write_path_keeps_character_version_link_synchronized PASSED [  9%]
server/tests/test_character_domain.py::test_character_domain_constraints_reject_invalid_and_ambiguous_records PASSED [ 10%]
server/tests/test_character_identity_api.py::test_admin_completes_authorized_source_upload_without_persisting_signed_url PASSED [ 10%]
server/tests/test_character_identity_api.py::test_source_quality_failure_is_actionable_and_does_not_activate_identity PASSED [ 10%]
server/tests/test_character_identity_api.py::test_failed_replacement_source_keeps_previous_active_source PASSED [ 10%]
server/tests/test_character_identity_api.py::test_replacement_inspection_failure_keeps_previous_active_source PASSED [ 10%]
server/tests/test_character_identity_api.py::test_source_completion_does_not_reactivate_identity_archived_during_inspection PASSED [ 10%]
server/tests/test_character_identity_api.py::test_authorization_completion_does_not_undo_concurrent_revocation PASSED [ 11%]
server/tests/test_character_identity_api.py::test_persona_versions_freeze_snapshots_and_history_is_not_rewritten PASSED [ 11%]
server/tests/test_character_identity_api.py::test_employee_reads_only_current_authorized_published_versions PASSED [ 11%]
server/tests/test_character_identity_api.py::test_only_admin_can_manage_identity_and_local_identity_object_uploads PASSED [ 11%]
server/tests/test_character_identity_api.py::test_role_gate_runs_before_source_inspector_configuration PASSED [ 11%]
server/tests/test_character_identity_api.py::test_identity_assets_are_evidence_only_for_auditor_and_private_from_employee PASSED [ 12%]
server/tests/test_character_identity_api.py::test_invalid_source_format_and_expired_authorization_fail_closed PASSED [ 12%]
server/tests/test_character_identity_api.py::test_character_asset_object_keys_separate_generated_and_approved_purposes PASSED [ 12%]
server/tests/test_character_identity_api.py::test_unconfigured_source_inspector_fails_closed PASSED [ 12%]
server/tests/test_character_identity_api.py::test_gate1_fake_source_inspector_requires_explicit_environment_opt_in PASSED [ 12%]
server/tests/test_character_identity_api.py::test_null_required_identity_and_persona_updates_return_validation_errors PASSED [ 12%]
server/tests/test_character_image_generation.py::test_generation_migration_adds_reversible_lease_and_call_log_contract PASSED [ 13%]
server/tests/test_character_image_generation.py::test_admin_queues_seven_views_idempotently_and_roles_fail_closed PASSED [ 13%]
server/tests/test_character_image_generation.py::test_generation_rejects_identity_revoked_before_or_after_enqueue PASSED [ 13%]
server/tests/test_character_image_generation.py::test_worker_fails_cleanly_when_version_is_archived_after_enqueue PASSED [ 13%]
server/tests/test_character_image_generation.py::test_worker_rejects_source_content_changed_after_version_freeze PASSED [ 13%]
server/tests/test_character_image_generation.py::test_worker_revalidates_state_after_provider_returns[revoke_identity-IDENTITY_NOT_ACTIVE] PASSED [ 13%]
server/tests/test_character_image_generation.py::test_worker_revalidates_state_after_provider_returns[archive_version-CHARACTER_VERSION_NOT_GENERATABLE] PASSED [ 14%]
server/tests/test_character_image_generation.py::test_worker_revalidates_state_in_success_transaction_and_cleans_object PASSED [ 14%]
server/tests/test_character_image_generation.py::test_stale_worker_cannot_finalize_after_lease_is_reassigned[False] PASSED [ 14%]
server/tests/test_character_image_generation.py::test_stale_worker_cannot_finalize_after_lease_is_reassigned[True] PASSED [ 14%]
server/tests/test_character_image_generation.py::test_stale_worker_cleans_object_when_lease_changes_during_storage PASSED [ 14%]
server/tests/test_character_image_generation.py::test_desktop_worker_generates_all_views_and_writes_redacted_evidence PASSED [ 14%]
server/tests/test_character_image_generation.py::test_one_invalid_view_does_not_block_the_other_six PASSED [ 15%]
server/tests/test_character_image_generation.py::test_transient_provider_failures_retry_then_succeed[timeout-CHARACTER_PROVIDER_TIMEOUT] PASSED [ 15%]
server/tests/test_character_image_generation.py::test_transient_provider_failures_retry_then_succeed[rate_limit-CHARACTER_PROVIDER_RATE_LIMITED] PASSED [ 15%]
server/tests/test_character_image_generation.py::test_transient_provider_failures_retry_then_succeed[server_error-CHARACTER_PROVIDER_UNAVAILABLE] PASSED [ 15%]
server/tests/test_character_image_generation.py::test_retry_limit_and_expired_running_lease_are_recoverable PASSED [ 15%]
server/tests/test_character_image_generation.py::test_expired_final_attempt_is_failed_instead_of_stuck_running PASSED [ 15%]
server/tests/test_character_image_generation.py::test_regeneration_creates_a_new_candidate_without_overwriting_review PASSED [ 16%]
server/tests/test_character_reference_matching.py::test_recommended_body_view_is_deterministic[features0-FRONT_HALF] PASSED [ 16%]
server/tests/test_character_reference_matching.py::test_recommended_body_view_is_deterministic[features1-FRONT_FULL] PASSED [ 16%]
server/tests/test_character_reference_matching.py::test_recommended_body_view_is_deterministic[features2-LEFT_45] PASSED [ 16%]
server/tests/test_character_reference_matching.py::test_recommended_body_view_is_deterministic[features3-RIGHT_45] PASSED [ 16%]
server/tests/test_character_reference_matching.py::test_recommended_body_view_is_deterministic[features4-LEFT_SIDE] PASSED [ 17%]
server/tests/test_character_reference_matching.py::test_recommended_body_view_is_deterministic[features5-RIGHT_SIDE] PASSED [ 17%]
server/tests/test_character_reference_matching.py::test_default_selection_freezes_recommendation_and_reopens_idempotently PASSED [ 17%]
server/tests/test_character_reference_matching.py::test_recommendation_preview_is_read_only_and_lists_all_published_assets PASSED [ 17%]
server/tests/test_character_reference_matching.py::test_employee_can_choose_one_to_four_published_assets_and_roles_fail_closed PASSED [ 17%]
server/tests/test_character_reference_matching.py::test_selection_rejects_an_input_binding_that_changed_before_persistence PASSED [ 17%]
server/tests/test_character_reference_matching.py::test_selection_falls_back_to_default_features_and_rejects_stale_source PASSED [ 18%]
server/tests/test_character_reference_matching.py::test_first_frame_generation_uses_frozen_reference_selection_not_new_persona_version PASSED [ 18%]
server/tests/test_character_reference_matching.py::test_first_frame_generation_rechecks_binding_inside_final_write_transaction PASSED [ 18%]
server/tests/test_character_reference_matching.py::test_character_invalidation_blocks_new_generation_but_preserves_first_frame_history[version_archived] PASSED [ 18%]
server/tests/test_character_reference_matching.py::test_character_invalidation_blocks_new_generation_but_preserves_first_frame_history[authorization_expired] PASSED [ 18%]
server/tests/test_characters.py::test_characters_migration_creates_library_tables PASSED [ 18%]
server/tests/test_characters.py::test_admin_crud_preserves_reference_order_and_employee_reads_only_available PASSED [ 19%]
server/tests/test_characters.py::test_employee_cannot_choose_disabled_expired_or_out_of_scope_character PASSED [ 19%]
server/tests/test_characters.py::test_project_main_character_selection_records_immutable_version_snapshot PASSED [ 19%]
server/tests/test_characters.py::test_project_main_character_restore_keeps_snapshot_identity_after_character_deletion PASSED [ 19%]
server/tests/test_characters.py::test_employee_cannot_manage_character_library PASSED [ 19%]
server/tests/test_characters.py::test_legacy_character_writes_create_immutable_domain_versions_and_archive_identity PASSED [ 19%]
server/tests/test_db.py::test_initialize_database_applies_sqlite_pragmas_and_migrations PASSED [ 20%]
server/tests/test_db.py::test_alembic_upgrades_empty_database_to_head PASSED [ 20%]
server/tests/test_db.py::test_retry_lineage_revision_is_reversible PASSED [ 20%]
server/tests/test_db.py::test_remove_oss_migration_purges_settings_and_selects_safe_fallback[True-cos] PASSED [ 20%]
server/tests/test_db.py::test_remove_oss_migration_purges_settings_and_selects_safe_fallback[False-local] PASSED [ 20%]
server/tests/test_db.py::test_remove_oss_migration_refuses_to_orphan_legacy_assets PASSED [ 20%]
server/tests/test_db.py::test_runtime_bootstrap_upgrades_an_existing_database_before_startup PASSED [ 21%]
server/tests/test_db.py::test_alembic_revision_can_downgrade_to_base PASSED [ 21%]
server/tests/test_db.py::test_generation_revision_can_downgrade_to_characters PASSED [ 21%]
server/tests/test_db.py::test_foreign_keys_are_enforced PASSED           [ 21%]
server/tests/test_db.py::test_wal_reader_is_not_blocked_by_uncommitted_writer PASSED [ 21%]
server/tests/test_db.py::test_atomic_task_lease_allows_only_one_worker_with_independent_connections PASSED [ 21%]
server/tests/test_db.py::test_expired_lease_can_be_recovered_by_another_worker PASSED [ 22%]
server/tests/test_db.py::test_backup_restore_preserves_tasks_versions_and_audit_counts PASSED [ 22%]
server/tests/test_db.py::test_database_integrity_check_and_cli_reject_corruption PASSED [ 22%]
server/tests/test_db.py::test_backup_refuses_missing_source_without_creating_empty_database PASSED [ 22%]
server/tests/test_db.py::test_restore_keeps_existing_target_when_backup_integrity_fails PASSED [ 22%]
server/tests/test_db.py::test_daily_backup_creates_dated_backup_file PASSED [ 23%]
server/tests/test_db.py::test_backup_cli_can_backup_and_restore_database PASSED [ 23%]
server/tests/test_db.py::test_migration_007_downgrade_resets_local_to_cos PASSED [ 23%]
server/tests/test_db.py::test_migration_009_downgrade_fails_on_cross_project_duplicate_key PASSED [ 23%]
server/tests/test_e2e_fake_provider.py::test_fake_provider_e2e_from_locked_prompt_to_worker_progress PASSED [ 23%]
server/tests/test_e2e_fake_provider.py::test_worker_uses_temporary_storage_download_url_for_h3_first_frame PASSED [ 23%]
server/tests/test_e2e_fake_provider.py::test_generation_flow_never_creates_independent_audio_tasks PASSED [ 24%]
server/tests/test_e2e_fake_provider.py::test_three_task_mixed_batch_surfaces_partial_failure_and_downloads_successful_mp4 PASSED [ 24%]
server/tests/test_first_frames.py::test_generate_candidates_archives_them_and_preserves_image_input_order PASSED [ 24%]
server/tests/test_first_frames.py::test_custom_prompt_cannot_bypass_the_no_text_constraint PASSED [ 24%]
server/tests/test_first_frames.py::test_confirmed_first_frame_is_versioned_and_latest_candidates_invalidate_old_confirmation PASSED [ 24%]
server/tests/test_first_frames.py::test_employee_can_view_newest_first_frame_candidate_versions PASSED [ 24%]
server/tests/test_first_frames.py::test_generation_retries_one_transient_image_provider_failure PASSED [ 25%]
server/tests/test_first_frames.py::test_source_frame_reconfirmation_makes_existing_first_frame_candidates_stale PASSED [ 25%]
server/tests/test_first_frames.py::test_main_character_reselection_makes_confirmed_first_frame_stale PASSED [ 25%]
server/tests/test_first_frames.py::test_generation_uses_the_selected_character_snapshot_for_reference_order PASSED [ 25%]
server/tests/test_gate1_bootstrap.py::test_gate1_bootstrap_creates_identity_funded_wallet_and_local_runtime PASSED [ 25%]
server/tests/test_gate1_e2e.py::test_prepare_gate1_run_creates_isolated_evidence_directories PASSED [ 25%]
server/tests/test_gate1_e2e.py::test_write_evidence_manifest_hashes_evidence_but_excludes_runtime PASSED [ 26%]
server/tests/test_gate1_e2e.py::test_managed_processes_stop_children_when_body_fails PASSED [ 26%]
server/tests/test_gate1_e2e.py::test_managed_processes_continue_cleanup_after_one_stop_error PASSED [ 26%]
server/tests/test_gate1_e2e.py::test_managed_processes_retains_ownership_when_explicit_stop_fails PASSED [ 26%]
server/tests/test_gate1_e2e.py::test_api_restart_controller_replaces_the_service_and_acknowledges_request PASSED [ 26%]
server/tests/test_gate1_e2e.py::test_wait_for_http_accepts_a_ready_service PASSED [ 26%]
server/tests/test_gate1_e2e.py::test_port_probe_accepts_a_recently_released_address PASSED [ 27%]
server/tests/test_gate1_e2e.py::test_gate1_api_port_accepts_a_safe_override PASSED [ 27%]
server/tests/test_gate1_e2e.py::test_generate_test_media_uses_deterministic_ffmpeg_outputs PASSED [ 27%]
server/tests/test_gate1_e2e.py::test_run_gate1_records_git_metadata_failure PASSED [ 27%]
server/tests/test_gate1_e2e.py::test_git_commit_rejects_a_dirty_worktree[tracked] PASSED [ 27%]
server/tests/test_gate1_e2e.py::test_git_commit_rejects_a_dirty_worktree[untracked] PASSED [ 28%]
server/tests/test_gate1_e2e.py::test_gate_status_reserves_passed_for_the_unfiltered_suite PASSED [ 28%]
server/tests/test_gate1_e2e.py::test_gate1_runtime_environment_forces_isolated_desktop_auth PASSED [ 28%]
server/tests/test_gate1_e2e.py::test_run_metadata_records_whether_the_suite_is_filtered PASSED [ 28%]
server/tests/test_gate1_e2e.py::test_playwright_argument_separator_is_not_forwarded PASSED [ 28%]
server/tests/test_generation.py::test_metaso_h3_provider_creates_polls_filters_and_downloads_result PASSED [ 28%]
server/tests/test_generation.py::test_metaso_h3_provider_refuses_to_treat_an_unrelated_list_item_as_its_result PASSED [ 29%]
server/tests/test_generation.py::test_metaso_h3_provider_rejects_a_non_https_first_frame_url PASSED [ 29%]
server/tests/test_generation.py::test_batch_paid_regeneration_replays_frozen_snapshots_without_superseding_source PASSED [ 29%]
server/tests/test_generation.py::test_batch_paid_regeneration_hash_rejects_same_key_for_another_source PASSED [ 29%]
server/tests/test_generation.py::test_task_paid_regeneration_supersedes_audio_failure_once_and_keeps_history PASSED [ 29%]
server/tests/test_generation.py::test_task_paid_regeneration_accepts_a_failed_submitted_provider_call PASSED [ 29%]
server/tests/test_generation.py::test_task_paid_regeneration_concurrency_creates_only_one_replacement PASSED [ 30%]
server/tests/test_generation.py::test_task_paid_regeneration_rejects_non_payable_states[pre-provider-FAILED-PENDING-PENDING-None-None-PAID_REGENERATION_NOT_ALLOWED] PASSED [ 30%]
server/tests/test_generation.py::test_task_paid_regeneration_rejects_non_payable_states[uncertain-paid-SUBMISSION_UNCERTAIN-PENDING-PENDING-provider-known-2026-08-16 10:00:01-MUST_RECONCILE_SUBMISSION] PASSED [ 30%]
server/tests/test_generation.py::test_task_paid_regeneration_rejects_non_payable_states[archive-paid-SUCCEEDED-ARCHIVE_FAILED-AUDIO_OK-provider-known-2026-08-16 10:00:01-ARCHIVE_RETRY_ONLY] PASSED [ 30%]
server/tests/test_generation.py::test_paid_regeneration_requires_write_access_and_rejects_legacy_confirmation_fields PASSED [ 30%]
server/tests/test_generation.py::test_retry_archive_failed_is_idempotent_and_never_creates_provider_task PASSED [ 30%]
server/tests/test_generation.py::test_retry_pre_provider_failure_requeues_once_and_records_lineage PASSED [ 31%]
server/tests/test_generation.py::test_retry_rejects_unsafe_state_transitions[archive-missing-FAILED-ARCHIVE_FAILED-PENDING-paid-provider-id-ARCHIVE_RETRY_EXHAUSTED-ARCHIVE_RESULT_UNAVAILABLE] PASSED [ 31%]
server/tests/test_generation.py::test_retry_rejects_unsafe_state_transitions[provider-failed-FAILED-PENDING-PENDING-paid-provider-id-H3_PROVIDER_FAILED-REQUIRES_PAID_REGENERATION] PASSED [ 31%]
server/tests/test_generation.py::test_retry_rejects_unsafe_state_transitions[uncertain-known-SUBMISSION_UNCERTAIN-PENDING-PENDING-provider-known-SUBMISSION_UNCERTAIN-MUST_RECONCILE_SUBMISSION] PASSED [ 31%]
server/tests/test_generation.py::test_retry_rejects_unsafe_state_transitions[audio-failed-SUCCEEDED-ARCHIVED-AUDIO_QUALITY_FAILED-provider-paid-id-None-REQUIRES_PAID_REGENERATION] PASSED [ 31%]
server/tests/test_generation.py::test_retry_idempotency_key_conflicts_when_payload_changes PASSED [ 31%]
server/tests/test_generation.py::test_only_admin_can_confirm_an_unbilled_uncertain_submission PASSED [ 32%]
server/tests/test_generation.py::test_script_maps_spoken_text_to_shots_without_deleting_user_text PASSED [ 32%]
server/tests/test_generation.py::test_generation_workflow_exposes_runtime_limits_and_script_staleness PASSED [ 32%]
server/tests/test_generation.py::test_new_analysis_makes_the_existing_shot_card_and_script_stale PASSED [ 32%]
server/tests/test_generation.py::test_prompt_revision_freezes_sources_and_batch_reports_staleness PASSED [ 32%]
server/tests/test_generation.py::test_prompt_compiler_rescales_shot_timeline_to_output_duration PASSED [ 32%]
server/tests/test_generation.py::test_compile_prompt_text_renders_structured_motion_as_movement_instructions PASSED [ 33%]
server/tests/test_generation.py::test_compile_prompt_text_falls_back_to_action_text_for_legacy_shots PASSED [ 33%]
server/tests/test_generation.py::test_prompt_becomes_stale_when_the_compiler_template_changes[H3_PROMPT_TEMPLATE_VERSION-h3.prompt.v5] PASSED [ 33%]
server/tests/test_generation.py::test_prompt_becomes_stale_when_the_compiler_template_changes[H3_PROMPT_TEMPLATE_HASH-new-template-hash] PASSED [ 33%]
server/tests/test_generation.py::test_prompt_compile_rejects_a_superseded_script PASSED [ 33%]
server/tests/test_generation.py::test_prompt_preview_compiles_the_latest_script_and_shot_card_without_persisting PASSED [ 34%]
server/tests/test_generation.py::test_prompt_preview_falls_back_to_the_original_script_from_the_analysis PASSED [ 34%]
server/tests/test_generation.py::test_prompt_preview_compiles_from_the_wrapped_analysis_payload PASSED [ 34%]
server/tests/test_generation.py::test_prompt_preview_requires_project_shots PASSED [ 34%]
server/tests/test_generation.py::test_prompt_compile_requires_the_currently_confirmed_first_frame PASSED [ 34%]
server/tests/test_generation.py::test_prompt_must_be_locked_and_batch_keeps_locked_snapshot_without_provider_call PASSED [ 34%]
server/tests/test_generation.py::test_batch_rejects_parameters_that_differ_from_the_locked_prompt[15-768P] PASSED [ 35%]
server/tests/test_generation.py::test_batch_rejects_parameters_that_differ_from_the_locked_prompt[10-2K] PASSED [ 35%]
server/tests/test_generation.py::test_h3_template_hash_is_derived_from_the_rendering_spec PASSED [ 35%]
server/tests/test_generation.py::test_h3_request_contract_is_i2v_text_first_frame_adaptive_and_duration_guard PASSED [ 35%]
server/tests/test_generation.py::test_generation_batch_quantity_limits_idempotency_and_fake_archive PASSED [ 35%]
server/tests/test_generation.py::test_generation_batch_replay_ignores_a_later_lower_quantity_limit PASSED [ 35%]
server/tests/test_generation.py::test_generation_batch_create_route_is_unique_and_returns_batch_result PASSED [ 36%]
server/tests/test_generation.py::test_generation_batch_list_paginates_and_returns_safe_task_summaries PASSED [ 36%]
server/tests/test_generation.py::test_batch_detail_exposes_https_provider_result_url_for_direct_playback PASSED [ 36%]
server/tests/test_generation.py::test_generation_batch_list_filters_and_enforces_project_scope PASSED [ 36%]
server/tests/test_generation.py::test_generation_batch_list_fetches_all_page_tasks_in_one_query PASSED [ 36%]
server/tests/test_generation.py::test_batch_progress_counts_archive_failed_and_audio_quality PASSED [ 36%]
server/tests/test_generation.py::test_generation_requires_owner_and_configured_real_provider PASSED [ 37%]
server/tests/test_generation.py::test_generation_can_queue_metaso_after_its_key_is_saved PASSED [ 37%]
server/tests/test_generation.py::test_metaso_batch_rejects_non_cos_first_frame_even_when_settings_are_saved PASSED [ 37%]
server/tests/test_generation.py::test_locked_prompt_is_consumed_by_only_one_distinct_idempotency_key PASSED [ 37%]
server/tests/test_generation.py::test_worker_respects_runtime_concurrency_limit PASSED [ 37%]
server/tests/test_generation.py::test_concurrent_workers_cannot_exceed_runtime_concurrency_limit PASSED [ 37%]
server/tests/test_generation.py::test_worker_marks_expired_active_lease_for_manual_attention_without_resubmitting[SUBMITTING] PASSED [ 38%]
server/tests/test_generation.py::test_worker_marks_expired_active_lease_for_manual_attention_without_resubmitting[RUNNING] PASSED [ 38%]
server/tests/test_generation.py::test_worker_marks_expired_active_lease_for_manual_attention_without_resubmitting[ARCHIVING] PASSED [ 38%]
server/tests/test_generation.py::test_worker_marks_submission_uncertain_without_auto_retry PASSED [ 38%]
server/tests/test_generation.py::test_worker_fails_immediately_when_first_frame_url_cannot_be_signed PASSED [ 38%]
server/tests/test_generation.py::test_worker_records_a_known_h3_provider_failure PASSED [ 39%]
server/tests/test_generation.py::test_worker_preserves_a_known_nonterminal_h3_task_for_manual_recovery PASSED [ 39%]
server/tests/test_generation.py::test_worker_loop_processes_all_queued_fake_tasks PASSED [ 39%]
server/tests/test_generation.py::test_worker_loop_can_stop_after_one_task_for_observable_progress PASSED [ 39%]
server/tests/test_generation.py::test_fake_h3_provider_supports_deterministic_gate1_failures[provider_failed-H3ProviderFailed] PASSED [ 39%]
server/tests/test_generation.py::test_fake_h3_provider_supports_deterministic_gate1_failures[submission_uncertain-SubmissionUncertain] PASSED [ 39%]
server/tests/test_generation.py::test_fake_h3_provider_uses_explicit_gate1_result_fixture PASSED [ 40%]
server/tests/test_generation.py::test_worker_archives_result_with_cloud_like_storage PASSED [ 40%]
server/tests/test_generation.py::test_worker_archive_retry_recovers_after_initial_failure PASSED [ 40%]
server/tests/test_generation.py::test_archive_retry_download_failure_keeps_task_retryable PASSED [ 40%]
server/tests/test_generation.py::test_archive_retry_with_missing_provider_settings_backs_off_not_fails PASSED [ 40%]
server/tests/test_generation.py::test_expired_archive_retry_lease_resets_to_retryable_not_uncertain PASSED [ 40%]
server/tests/test_generation.py::test_reconcile_submission_uncertain_recovers_succeeded_result PASSED [ 41%]
server/tests/test_generation.py::test_reconcile_route_is_idempotent_and_audited PASSED [ 41%]
server/tests/test_generation.py::test_reconcile_route_recovers_an_abandoned_pending_reservation[True] PASSED [ 41%]
server/tests/test_generation.py::test_reconcile_route_recovers_an_abandoned_pending_reservation[False] PASSED [ 41%]
server/tests/test_generation.py::test_reconcile_provider_failure_does_not_require_storage_settings PASSED [ 41%]
server/tests/test_generation.py::test_reconcile_lost_reservation_cannot_finalize_an_archived_result PASSED [ 41%]
server/tests/test_generation.py::test_reconcile_without_provider_task_id_requires_manual_confirmation PASSED [ 42%]
server/tests/test_generation.py::test_reconcile_running_task_keeps_uncertain PASSED [ 42%]
server/tests/test_generation.py::test_idempotency_key_is_scoped_per_project PASSED [ 42%]
server/tests/test_generation.py::test_metaso_batch_requires_cloud_storage PASSED [ 42%]
server/tests/test_generation.py::test_archive_retry_exhausts_to_terminal_failure PASSED [ 42%]
server/tests/test_generation.py::test_reconcile_route_guards_and_rejects_non_uncertain_task PASSED [ 42%]
server/tests/test_generation.py::test_generation_batch_rename_by_creator_or_admin_only PASSED [ 43%]
server/tests/test_generation.py::test_generation_batch_delete_removes_tasks_and_result_assets PASSED [ 43%]
server/tests/test_generation.py::test_generation_batch_delete_blocked_while_tasks_active PASSED [ 43%]
server/tests/test_generation.py::test_generation_batch_delete_forbidden_for_non_creator_and_auditor PASSED [ 43%]
server/tests/test_generation.py::test_generation_batch_delete_preserves_append_only_billing_ledger PASSED [ 43%]
server/tests/test_generation.py::test_generation_rejects_metaso_without_cos_settings PASSED [ 43%]
server/tests/test_generation.py::test_generation_batch_reserves_one_credit_per_task_and_replay_is_free PASSED [ 44%]
server/tests/test_generation.py::test_generation_batch_insufficient_credits_rolls_back_everything PASSED [ 44%]
server/tests/test_generation.py::test_generation_batch_missing_wallet_returns_structured_invariant_error PASSED [ 44%]
server/tests/test_generation.py::test_archived_generation_settles_once_but_archive_failure_stays_reserved PASSED [ 44%]
server/tests/test_generation.py::test_undownloadable_archived_result_does_not_settle PASSED [ 44%]
server/tests/test_generation.py::test_terminal_provider_failure_releases_reserved_credit PASSED [ 45%]
server/tests/test_generation.py::test_metaso_worker_rejects_non_cos_storage_before_provider_call PASSED [ 45%]
server/tests/test_generation.py::test_reconciled_provider_cancellation_releases_reserved_credit PASSED [ 45%]
server/tests/test_generation.py::test_pre_provider_retry_reserves_a_new_round_after_release PASSED [ 45%]
server/tests/test_generation.py::test_paid_regeneration_rejects_legacy_payment_confirmation_fields PASSED [ 45%]
server/tests/test_health.py::test_health_returns_service_identity PASSED [ 45%]
server/tests/test_health.py::test_health_allows_packaged_app_origins PASSED [ 46%]
server/tests/test_health.py::test_cors_allows_mutating_desktop_requests PASSED [ 46%]
server/tests/test_health.py::test_openapi_exposes_health_contract PASSED [ 46%]
server/tests/test_health.py::test_non_loopback_request_is_rejected PASSED [ 46%]
server/tests/test_health.py::test_loopback_request_is_allowed PASSED     [ 46%]
server/tests/test_internal_access_tokens.py::test_create_user_cli_also_creates_empty_wallet PASSED [ 46%]
server/tests/test_internal_access_tokens.py::test_issue_token_prints_raw_value_once_and_stores_only_digest PASSED [ 47%]
server/tests/test_internal_access_tokens.py::test_internal_mode_accepts_only_valid_bearer_token PASSED [ 47%]
server/tests/test_internal_access_tokens.py::test_revoked_token_returns_401_immediately PASSED [ 47%]
server/tests/test_internal_access_tokens.py::test_unset_auth_mode_fails_closed_even_when_legacy_identities_exist PASSED [ 47%]
server/tests/test_internal_admin.py::test_spreadsheet_cells_with_formula_prefixes_are_escaped[=] PASSED [ 47%]
server/tests/test_internal_admin.py::test_spreadsheet_cells_with_formula_prefixes_are_escaped[+] PASSED [ 47%]
server/tests/test_internal_admin.py::test_spreadsheet_cells_with_formula_prefixes_are_escaped[-] PASSED [ 48%]
server/tests/test_internal_admin.py::test_spreadsheet_cells_with_formula_prefixes_are_escaped[@] PASSED [ 48%]
server/tests/test_internal_admin.py::test_spreadsheet_cells_with_formula_prefixes_are_escaped[\t] PASSED [ 48%]
server/tests/test_internal_admin.py::test_spreadsheet_cells_with_formula_prefixes_are_escaped[\r] PASSED [ 48%]
server/tests/test_internal_admin.py::test_control_accounts_and_orders_are_proxy_only_and_paginated PASSED [ 48%]
server/tests/test_internal_admin.py::test_control_settings_mask_zpay_secret_and_keep_deployment_read_only PASSED [ 48%]
server/tests/test_internal_admin.py::test_control_billing_settings_only_update_internal_price_rules PASSED [ 49%]
server/tests/test_internal_admin.py::test_control_reconciliation_and_csv_are_read_only PASSED [ 49%]
server/tests/test_internal_admin.py::test_control_proxy_identity_cannot_be_used_as_a_business_identity PASSED [ 49%]
server/tests/test_internal_admin.py::test_control_routes_do_not_expose_a_wallet_mutation_endpoint PASSED [ 49%]
server/tests/test_internal_admin.py::test_nginx_example_requires_both_network_and_basic_auth_and_overwrites_control_header PASSED [ 49%]
server/tests/test_internal_billing.py::test_internal_billing_migration_creates_required_tables_and_defaults PASSED [ 50%]
server/tests/test_internal_billing.py::test_internal_billing_migration_is_reversible PASSED [ 50%]
server/tests/test_internal_billing.py::test_wallet_backfill_covers_users_created_before_internal_billing PASSED [ 50%]
server/tests/test_internal_billing.py::test_wallets_reject_negative_balances PASSED [ 50%]
server/tests/test_internal_billing.py::test_recharge_orders_reject_duplicate_merchant_and_provider_numbers PASSED [ 50%]
server/tests/test_internal_billing.py::test_wallet_transactions_reject_duplicate_charge_reserve_and_terminal PASSED [ 50%]
server/tests/test_internal_billing.py::test_billing_defaults_and_order_snapshot_are_internal_p0_prices PASSED [ 51%]
server/tests/test_internal_billing.py::test_billing_settings_reject_invalid_internal_p0_rules[0-10000-1000] PASSED [ 51%]
server/tests/test_internal_billing.py::test_billing_settings_reject_invalid_internal_p0_rules[1000-9999-1000] PASSED [ 51%]
server/tests/test_internal_billing.py::test_billing_settings_reject_invalid_internal_p0_rules[1000-10000-999] PASSED [ 51%]
server/tests/test_internal_billing.py::test_billing_settings_reject_invalid_internal_p0_rules[1000-10500-1000] PASSED [ 51%]
server/tests/test_internal_billing.py::test_billing_settings_reject_invalid_internal_p0_rules[600-10000-1000] PASSED [ 51%]
server/tests/test_internal_deployment.py::test_single_host_services_share_one_database_and_keep_api_on_loopback PASSED [ 52%]
server/tests/test_internal_deployment.py::test_production_environment_template_disables_desktop_identity_bypasses PASSED [ 52%]
server/tests/test_internal_deployment.py::test_secret_scan_covers_deployment_files_and_rejects_raw_control_tokens PASSED [ 52%]
server/tests/test_internal_deployment.py::test_nginx_routes_health_to_api_and_keeps_payment_callbacks_public PASSED [ 52%]
server/tests/test_internal_deployment.py::test_nginx_supports_real_upload_sizes_long_provider_calls_and_https_only PASSED [ 52%]
server/tests/test_internal_deployment.py::test_real_generation_and_reconciliation_use_configured_media_storage PASSED [ 52%]
server/tests/test_internal_deployment.py::test_runbook_provisions_a_writable_sqlite_parent_for_the_service_user PASSED [ 53%]
server/tests/test_internal_deployment.py::test_runbook_keeps_release_tree_traversable_by_nginx PASSED [ 53%]
server/tests/test_internal_deployment.py::test_runbook_grants_nginx_worker_read_access_to_basic_auth_file PASSED [ 53%]
server/tests/test_internal_deployment.py::test_fake_acceptance_runner_is_local_only_and_declares_external_gaps PASSED [ 53%]
server/tests/test_internal_deployment.py::test_fake_acceptance_manifest_is_redacted_and_locally_scoped PASSED [ 53%]
server/tests/test_local_settings_key.py::test_macos_keychain_reuses_existing_key_without_writing PASSED [ 53%]
server/tests/test_local_settings_key.py::test_macos_keychain_receives_new_key_over_stdin_not_command_line PASSED [ 54%]
server/tests/test_local_settings_key.py::test_macos_keychain_persists_an_explicit_key_without_argv_exposure PASSED [ 54%]
server/tests/test_local_settings_key.py::test_windows_dpapi_reuses_existing_encrypted_key_file PASSED [ 54%]
server/tests/test_local_settings_key.py::test_windows_dpapi_receives_new_key_over_stdin_not_command_line PASSED [ 54%]
server/tests/test_local_settings_key.py::test_windows_dpapi_can_replace_key_only_during_validated_import PASSED [ 54%]
server/tests/test_media.py::test_public_api_origin_rejects_a_missing_hostname PASSED [ 54%]
server/tests/test_media.py::test_api_base_url_allows_only_desktop_loopback_override PASSED [ 55%]
server/tests/test_media.py::test_owner_can_upload_complete_and_query_video_asset PASSED [ 55%]
server/tests/test_media.py::test_complete_upload_calculates_a_content_hash_when_storage_head_has_none PASSED [ 55%]
server/tests/test_media.py::test_media_storage_prefers_cos_when_configured PASSED [ 55%]
server/tests/test_media.py::test_media_storage_falls_back_to_local_without_cos PASSED [ 55%]
server/tests/test_media.py::test_get_media_storage_uses_local_adapter_when_provider_is_local PASSED [ 56%]
server/tests/test_media.py::test_get_media_storage_local_without_root_raises PASSED [ 56%]
server/tests/test_media.py::test_local_storage_intent_url_and_upload_endpoint PASSED [ 56%]
server/tests/test_media.py::test_local_upload_endpoint_rejects_non_local_storage PASSED [ 56%]
server/tests/test_media.py::test_local_upload_endpoint_enforces_role_and_project_gates PASSED [ 56%]
server/tests/test_media.py::test_upload_intent_requires_project_owner PASSED [ 56%]
server/tests/test_media.py::test_complete_rejects_a_non_reference_video_asset PASSED [ 57%]
server/tests/test_media.py::test_upload_intent_rejects_non_video_or_oversized_files PASSED [ 57%]
server/tests/test_media.py::test_complete_missing_object_can_retry PASSED [ 57%]
server/tests/test_media.py::test_complete_rejects_duration_outside_precheck_window PASSED [ 57%]
server/tests/test_media.py::test_complete_accepts_small_container_duration_rounding_overrun PASSED [ 57%]
server/tests/test_media.py::test_default_probe_failure_does_not_mark_upload_complete PASSED [ 57%]
server/tests/test_media.py::test_local_download_url_and_proxy PASSED     [ 58%]
server/tests/test_optional_project_state_api.py::test_empty_optional_project_state_returns_successful_nulls PASSED [ 58%]
server/tests/test_optional_project_state_api.py::test_optional_project_state_preserves_access_failures[project_missing-404] PASSED [ 58%]
server/tests/test_optional_project_state_api.py::test_optional_project_state_preserves_access_failures[project_other-403] PASSED [ 58%]
server/tests/test_payments.py::test_valid_notify_credits_wallet_and_duplicate_notify_is_idempotent PASSED [ 58%]
server/tests/test_payments.py::test_invalid_notify_never_credits_wallet[sign] PASSED [ 58%]
server/tests/test_payments.py::test_invalid_notify_never_credits_wallet[pid] PASSED [ 59%]
server/tests/test_payments.py::test_invalid_notify_never_credits_wallet[money] PASSED [ 59%]
server/tests/test_payments.py::test_invalid_notify_never_credits_wallet[trade_status] PASSED [ 59%]
server/tests/test_payments.py::test_notify_rejects_duplicate_query_parameters PASSED [ 59%]
server/tests/test_payments.py::test_paid_order_rejects_a_different_provider_trade_number PASSED [ 59%]
server/tests/test_payments.py::test_provider_trade_number_cannot_credit_two_orders PASSED [ 59%]
server/tests/test_payments.py::test_concurrent_duplicate_notifies_credit_once PASSED [ 60%]
server/tests/test_payments.py::test_notify_returns_non_success_before_zpay_timeout_when_database_is_locked PASSED [ 60%]
server/tests/test_payments.py::test_return_page_is_display_only_even_with_valid_payment_fields PASSED [ 60%]
server/tests/test_payments.py::test_user_can_read_only_their_own_recharge_order PASSED [ 60%]
server/tests/test_payments.py::test_control_sync_keeps_unpaid_order_pending PASSED [ 60%]
server/tests/test_payments.py::test_control_sync_paid_result_uses_the_same_credit_service PASSED [ 60%]
server/tests/test_payments.py::test_control_sync_rejects_missing_forged_or_business_identity[headers0] PASSED [ 61%]
server/tests/test_payments.py::test_control_sync_rejects_missing_forged_or_business_identity[headers1] PASSED [ 61%]
server/tests/test_payments.py::test_control_sync_rejects_missing_forged_or_business_identity[headers2] PASSED [ 61%]
server/tests/test_payments.py::test_control_sync_surfaces_redacted_query_failure_without_crediting PASSED [ 61%]
server/tests/test_payments.py::test_zpay_query_client_uses_timeout_and_returns_normalized_paid_result PASSED [ 61%]
server/tests/test_payments.py::test_zpay_query_client_keeps_unpaid_order_unsettled PASSED [ 62%]
server/tests/test_payments.py::test_zpay_query_client_never_logs_secret_or_request_url PASSED [ 62%]
server/tests/test_project_character_selection.py::test_project_lists_only_current_published_versions_with_seven_assets PASSED [ 62%]
server/tests/test_project_character_selection.py::test_project_selects_character_version_once_and_restores_frozen_snapshot PASSED [ 62%]
server/tests/test_project_character_selection.py::test_concurrent_repeat_selection_reuses_one_project_snapshot PASSED [ 62%]
server/tests/test_project_character_selection.py::test_concurrent_version_switches_return_each_requests_own_snapshot PASSED [ 62%]
server/tests/test_project_character_selection.py::test_project_snapshot_survives_character_archive_and_live_edits PASSED [ 63%]
server/tests/test_project_character_selection.py::test_project_rejects_unavailable_version_invalid_payload_and_auditor_write PASSED [ 63%]
server/tests/test_project_character_selection.py::test_project_character_selection_is_published_in_openapi PASSED [ 63%]
server/tests/test_rbac.py::test_dev_header_login_returns_active_user_role PASSED [ 63%]
server/tests/test_rbac.py::test_desktop_identity_login_works_without_dev_header PASSED [ 63%]
server/tests/test_rbac.py::test_dev_header_is_disabled_by_default PASSED [ 63%]
server/tests/test_rbac.py::test_desktop_identity_ignores_spoofed_dev_header PASSED [ 64%]
server/tests/test_rbac.py::test_desktop_identity_rejects_inactive_missing_or_invalid_role[inactive_1-401-AUTH_INVALID] PASSED [ 64%]
server/tests/test_rbac.py::test_desktop_identity_rejects_inactive_missing_or_invalid_role[missing_1-401-AUTH_INVALID] PASSED [ 64%]
server/tests/test_rbac.py::test_desktop_identity_rejects_inactive_missing_or_invalid_role[owner_1-403-ROLE_INVALID] PASSED [ 64%]
server/tests/test_rbac.py::test_auth_me_records_login_success PASSED     [ 64%]
server/tests/test_rbac.py::test_auth_me_records_login_failure_without_storing_identity_header PASSED [ 64%]
server/tests/test_rbac.py::test_desktop_origin_can_preflight_project_deletion PASSED [ 65%]
server/tests/test_rbac.py::test_employee_can_create_and_list_only_their_projects PASSED [ 65%]
server/tests/test_rbac.py::test_owner_can_delete_an_unfinished_project_and_its_pending_upload PASSED [ 65%]
server/tests/test_rbac.py::test_project_delete_removes_a_project_with_completed_work PASSED [ 65%]
server/tests/test_rbac.py::test_project_delete_blocked_while_generation_tasks_are_active PASSED [ 65%]
server/tests/test_rbac.py::test_project_delete_tolerates_storage_cleanup_failure PASSED [ 65%]
server/tests/test_rbac.py::test_project_owner_can_rename_their_project PASSED [ 66%]
server/tests/test_rbac.py::test_admin_can_rename_any_project PASSED      [ 66%]
server/tests/test_rbac.py::test_project_rename_rejects_blank_and_overlong_names PASSED [ 66%]
server/tests/test_rbac.py::test_project_rename_forbidden_for_other_owner_and_auditor PASSED [ 66%]
server/tests/test_rbac.py::test_auditor_cannot_create_projects_and_admin_can_list_all_projects PASSED [ 66%]
server/tests/test_rbac.py::test_auditor_can_read_all_project_asset_and_task_evidence PASSED [ 67%]
server/tests/test_rbac.py::test_project_list_exposes_reference_video_state_for_upload_recovery PASSED [ 67%]
server/tests/test_rbac.py::test_project_list_recognizes_legacy_reference_video_uploads PASSED [ 67%]
server/tests/test_rbac.py::test_project_list_marks_existing_analysis_as_ready PASSED [ 67%]
server/tests/test_rbac.py::test_auditor_cannot_generate_retry_or_download PASSED [ 67%]
server/tests/test_rbac.py::test_user_without_project_permission_cannot_read_asset PASSED [ 67%]
server/tests/test_rbac.py::test_project_owner_can_read_asset PASSED      [ 68%]
server/tests/test_rbac.py::test_project_owner_receives_short_lived_storage_download_url PASSED [ 68%]
server/tests/test_rbac.py::test_non_character_asset_cannot_use_character_cache PASSED [ 68%]
server/tests/test_rbac.py::test_download_audit_does_not_store_temporary_url PASSED [ 68%]
server/tests/test_rbac.py::test_download_rejects_cloud_asset_when_bucket_does_not_match_configuration PASSED [ 68%]
server/tests/test_rbac.py::test_audit_logs_are_readable_only_by_admin_and_auditor PASSED [ 68%]
server/tests/test_recharge_orders.py::test_zpay_provider_migration_is_reversible PASSED [ 69%]
server/tests/test_recharge_orders.py::test_create_recharge_order_builds_server_owned_zpay_form[10000-10] PASSED [ 69%]
server/tests/test_recharge_orders.py::test_create_recharge_order_builds_server_owned_zpay_form[11000-11] PASSED [ 69%]
server/tests/test_recharge_orders.py::test_create_recharge_order_builds_server_owned_zpay_form[20000-20] PASSED [ 69%]
server/tests/test_recharge_orders.py::test_create_recharge_order_rejects_invalid_amounts[9900] PASSED [ 69%]
server/tests/test_recharge_orders.py::test_create_recharge_order_rejects_invalid_amounts[10100] PASSED [ 69%]
server/tests/test_recharge_orders.py::test_create_recharge_order_rejects_invalid_amounts[10000] PASSED [ 70%]
server/tests/test_recharge_orders.py::test_create_recharge_order_rejects_invalid_amounts[10000.0] PASSED [ 70%]
server/tests/test_recharge_orders.py::test_create_recharge_order_rejects_invalid_amounts[True] PASSED [ 70%]
server/tests/test_recharge_orders.py::test_recharge_order_list_is_owner_scoped_and_paginated PASSED [ 70%]
server/tests/test_recharge_orders.py::test_create_recharge_order_rejects_client_owned_fields[credits-999] PASSED [ 70%]
server/tests/test_recharge_orders.py::test_create_recharge_order_rejects_client_owned_fields[charged_unit_price_fen_snapshot-1] PASSED [ 70%]
server/tests/test_recharge_orders.py::test_create_recharge_order_rejects_client_owned_fields[merchant_order_no-1] PASSED [ 71%]
server/tests/test_recharge_orders.py::test_create_recharge_order_rejects_client_owned_fields[notify_url-https://evil.example/notify] PASSED [ 71%]
server/tests/test_recharge_orders.py::test_create_recharge_order_rejects_client_owned_fields[return_url-https://evil.example/return] PASSED [ 71%]
server/tests/test_recharge_orders.py::test_create_recharge_order_rejects_client_owned_fields[pid-attacker] PASSED [ 71%]
server/tests/test_recharge_orders.py::test_create_recharge_order_rejects_client_owned_fields[gateway_url-https://evil.example/submit.php] PASSED [ 71%]
server/tests/test_recharge_orders.py::test_create_recharge_order_rejects_client_owned_fields[type-wxpay] PASSED [ 71%]
server/tests/test_recharge_orders.py::test_create_recharge_order_rejects_unsafe_deployment_urls[PUBLIC_BASE_URL-https://video.example?tenant=forged] PASSED [ 72%]
server/tests/test_recharge_orders.py::test_create_recharge_order_rejects_unsafe_deployment_urls[PUBLIC_BASE_URL-https://:443] PASSED [ 72%]
server/tests/test_recharge_orders.py::test_create_recharge_order_rejects_unsafe_deployment_urls[ZPAY_GATEWAY_URL-https://evil.example/submit.php] PASSED [ 72%]
server/tests/test_recharge_orders.py::test_create_recharge_order_rejects_unsafe_deployment_urls[ZPAY_GATEWAY_URL-https://zpayz.cn/submit.php?redirect=evil] PASSED [ 72%]
server/tests/test_recharge_orders.py::test_create_recharge_order_retries_a_merchant_order_number_collision PASSED [ 72%]
server/tests/test_recharge_orders.py::test_create_recharge_order_requires_encrypted_merchant_settings PASSED [ 73%]
server/tests/test_recharge_orders.py::test_zpay_config_is_encrypted_and_key_is_masked PASSED [ 73%]
server/tests/test_script_rewrite.py::test_script_rewrite_requires_deepseek_configuration PASSED [ 73%]
server/tests/test_script_rewrite.py::test_script_rewrite_rejects_empty_text PASSED [ 73%]
server/tests/test_script_rewrite.py::test_script_rewrite_denies_other_projects_and_auditors PASSED [ 73%]
server/tests/test_script_rewrite.py::test_script_rewrite_returns_rewritten_text PASSED [ 73%]
server/tests/test_security_contracts.py::test_h3_provider_request_contract_does_not_embed_credentials PASSED [ 74%]
server/tests/test_security_contracts.py::test_provider_config_normalization_masks_secret_like_fields PASSED [ 74%]
server/tests/test_security_contracts.py::test_secret_scan_script_passes_on_repository_contract_surface PASSED [ 74%]
server/tests/test_settings.py::test_settings_migration_creates_tables_and_defaults PASSED [ 74%]
server/tests/test_settings.py::test_master_key_must_come_from_environment PASSED [ 74%]
server/tests/test_settings.py::test_master_key_uses_local_secure_store_when_environment_is_missing PASSED [ 74%]
server/tests/test_settings.py::test_provider_config_is_encrypted_at_rest_and_masked_on_read PASSED [ 75%]
server/tests/test_settings.py::test_provider_config_survives_database_reopen PASSED [ 75%]
server/tests/test_settings.py::test_provider_config_remains_encrypted_when_reopened_with_the_wrong_key PASSED [ 75%]
server/tests/test_settings.py::test_settings_api_reports_wrong_key_without_deleting_saved_config PASSED [ 75%]
server/tests/test_settings.py::test_bootstrap_persists_an_explicit_key_only_after_saved_settings_decrypt PASSED [ 75%]
server/tests/test_settings.py::test_provider_minimum_required_fields_are_accepted[apilio-config0] PASSED [ 75%]
server/tests/test_settings.py::test_provider_minimum_required_fields_are_accepted[metaso-config1] PASSED [ 76%]
server/tests/test_settings.py::test_provider_minimum_required_fields_are_accepted[cos-config2] PASSED [ 76%]
server/tests/test_settings.py::test_apilio_can_keep_a_dedicated_analysis_key_separate_from_its_image_key PASSED [ 76%]
server/tests/test_settings.py::test_apilio_allows_an_analysis_key_before_an_image_key PASSED [ 76%]
server/tests/test_settings.py::test_model_provider_uses_default_base_url_when_only_api_key_is_supplied[apilio] PASSED [ 76%]
server/tests/test_settings.py::test_model_provider_uses_default_base_url_when_only_api_key_is_supplied[metaso] PASSED [ 76%]
server/tests/test_settings.py::test_missing_provider_required_field_is_rejected PASSED [ 77%]
server/tests/test_settings.py::test_oss_provider_is_rejected PASSED      [ 77%]
server/tests/test_settings.py::test_runtime_limits_are_saved_and_validated PASSED [ 77%]
server/tests/test_settings.py::test_local_storage_provider_is_allowed PASSED [ 77%]
server/tests/test_settings.py::test_oss_runtime_provider_is_rejected PASSED [ 77%]
server/tests/test_settings.py::test_settings_read_uses_admin_role_matrix[admin_1-200] PASSED [ 78%]
server/tests/test_settings.py::test_settings_read_uses_admin_role_matrix[employee_1-403] PASSED [ 78%]
server/tests/test_settings.py::test_settings_read_uses_admin_role_matrix[auditor_1-403] PASSED [ 78%]
server/tests/test_settings.py::test_settings_update_uses_admin_role_matrix[admin_1-200] PASSED [ 78%]
server/tests/test_settings.py::test_settings_update_uses_admin_role_matrix[employee_1-403] PASSED [ 78%]
server/tests/test_settings.py::test_settings_update_uses_admin_role_matrix[auditor_1-403] PASSED [ 78%]
server/tests/test_settings.py::test_admin_updates_settings_without_echoing_secret_or_authorization PASSED [ 79%]
server/tests/test_settings.py::test_admin_can_update_a_non_secret_field_without_reentering_a_saved_secret PASSED [ 79%]
server/tests/test_settings.py::test_empty_optional_field_can_be_cleared_without_overwriting_a_secret PASSED [ 79%]
server/tests/test_settings.py::test_admin_can_update_runtime_limits PASSED [ 79%]
server/tests/test_settings.py::test_admin_can_read_and_update_internal_billing_settings PASSED [ 79%]
server/tests/test_settings.py::test_billing_settings_api_rejects_coerced_integer_values[internal_base_unit_price_fen-True] PASSED [ 79%]
server/tests/test_settings.py::test_billing_settings_api_rejects_coerced_integer_values[min_recharge_fen-10000] PASSED [ 80%]
server/tests/test_settings.py::test_billing_settings_api_rejects_coerced_integer_values[recharge_step_fen-1000.0] PASSED [ 80%]
server/tests/test_settings.py::test_admin_cannot_enable_removed_oss_storage PASSED [ 80%]
server/tests/test_settings.py::test_removed_oss_provider_routes_return_validation_error[put-/api/admin/settings/providers/oss-payload0] PASSED [ 80%]
server/tests/test_settings.py::test_removed_oss_provider_routes_return_validation_error[post-/api/admin/settings/providers/oss/connection-test-None] PASSED [ 80%]
server/tests/test_settings.py::test_removed_oss_provider_routes_return_validation_error[post-/api/admin/settings/providers/oss/paid-test-None] PASSED [ 80%]
server/tests/test_settings.py::test_admin_can_enable_local_storage_via_api PASSED [ 81%]
server/tests/test_settings.py::test_connection_test_and_paid_test_are_separate_interfaces PASSED [ 81%]
server/tests/test_settings.py::test_admin_can_generate_and_download_a_redacted_settings_diagnostic_log PASSED [ 81%]
server/tests/test_settings.py::test_configuration_only_model_checks_do_not_mark_a_complete_report_as_attention PASSED [ 81%]
server/tests/test_settings.py::test_diagnostic_log_keeps_http_error_codes_but_not_provider_error_details PASSED [ 81%]
server/tests/test_settings.py::test_default_provider_tester_never_claims_real_connectivity_or_paid_access PASSED [ 81%]
server/tests/test_settings.py::test_model_provider_configuration_status_explains_the_real_task_path[metaso-H3 \u53c2\u6570\u5df2\u4fdd\u5b58\u3002\u6d4b\u8bd5\u8bbe\u7f6e\u4e0d\u4f1a\u63d0\u4ea4\u4f1a\u4ea7\u751f\u8d39\u7528\u7684\u751f\u6210\u4efb\u52a1\uff1b\u5b9e\u9645\u4efb\u52a1\u7531\u751f\u6210 Worker \u5904\u7406\u3002] PASSED [ 82%]
server/tests/test_settings.py::test_model_provider_configuration_status_explains_the_real_task_path[apilio-\u6a21\u578b\u670d\u52a1\u53c2\u6570\u5df2\u4fdd\u5b58\u3002\u89c6\u9891\u62c6\u89e3\u548c\u9996\u5e27\u4efb\u52a1\u4f1a\u6309\u9700\u8c03\u7528\uff1b\u6d4b\u8bd5\u8bbe\u7f6e\u4e0d\u4f1a\u53d1\u8d77\u8ba1\u8d39\u6a21\u578b\u8bf7\u6c42\u3002] PASSED [ 82%]
server/tests/test_settings.py::test_storage_provider_tester_runs_a_recoverable_cos_connection_check PASSED [ 82%]
server/tests/test_settings.py::test_storage_provider_tester_keeps_model_provider_checks_non_billing[metaso] PASSED [ 82%]
server/tests/test_settings.py::test_storage_provider_tester_keeps_model_provider_checks_non_billing[apilio] PASSED [ 82%]
server/tests/test_settings.py::test_storage_provider_tester_redacts_cloud_failure_from_connection_result PASSED [ 82%]
server/tests/test_settings.py::test_storage_provider_tester_reports_cleanup_failure_without_provider_details PASSED [ 83%]
server/tests/test_settings.py::test_storage_provider_tester_prioritizes_cleanup_failure_after_verification_error PASSED [ 83%]
server/tests/test_settings.py::test_storage_provider_tester_preserves_put_failure_when_best_effort_cleanup_fails PASSED [ 83%]
server/tests/test_settings.py::test_update_cos_settings_applies_lifecycle_rules PASSED [ 83%]
server/tests/test_settings.py::test_update_cos_settings_lifecycle_failure_does_not_block_save PASSED [ 83%]
server/tests/test_settings.py::test_masked_secret_roundtrip_does_not_overwrite_saved_secret PASSED [ 84%]
server/tests/test_simple_character.py::test_simple_character_generation_requires_auth PASSED [ 84%]
server/tests/test_simple_character.py::test_upload_intent_returns_direct_upload_contract PASSED [ 84%]
server/tests/test_simple_character.py::test_simple_character_rejects_missing_project PASSED [ 84%]
server/tests/test_simple_character.py::test_simple_character_rejects_unsupported_content_type PASSED [ 84%]
server/tests/test_simple_character.py::test_simple_character_rejects_empty_name PASSED [ 84%]
server/tests/test_simple_character.py::test_simple_character_generation_runs_provider_work_off_the_event_loop PASSED [ 85%]
server/tests/test_simple_character.py::test_auditor_cannot_generate PASSED [ 85%]
server/tests/test_simple_character.py::test_employee_cannot_generate_for_foreign_project PASSED [ 85%]
server/tests/test_simple_character.py::test_generated_character_appears_in_available_versions PASSED [ 85%]
server/tests/test_simple_character.py::test_generate_response_returns_published_view_assets PASSED [ 85%]
server/tests/test_simple_character.py::test_generate_creates_contact_sheet_asset PASSED [ 85%]
server/tests/test_simple_character.py::test_contact_sheet_download_url_allowed_for_employees PASSED [ 86%]
server/tests/test_simple_character.py::test_character_cache_downloads_once_and_serves_local_copy PASSED [ 86%]
server/tests/test_simple_character.py::test_approved_character_view_can_use_local_cache PASSED [ 86%]
server/tests/test_simple_character.py::test_character_cache_rejects_source_with_wrong_hash PASSED [ 86%]
server/tests/test_simple_character.py::test_contact_sheet_provider_failure_falls_back_to_placeholder PASSED [ 86%]
server/tests/test_simple_character.py::test_contact_sheet_download_url_rejects_auditors PASSED [ 86%]
server/tests/test_simple_character.py::test_library_requires_auth PASSED [ 87%]
server/tests/test_simple_character.py::test_library_lists_characters_with_published_views PASSED [ 87%]
server/tests/test_simple_character.py::test_library_falls_back_to_views_when_snapshot_has_no_contact_sheet PASSED [ 87%]
server/tests/test_simple_character.py::test_library_is_visible_to_all_roles PASSED [ 87%]
server/tests/test_simple_character.py::test_global_generate_creates_identity_without_project_context PASSED [ 87%]
server/tests/test_simple_character.py::test_global_generate_still_rejects_auditors PASSED [ 87%]
server/tests/test_simple_character.py::test_owner_can_rename_identity PASSED [ 88%]
server/tests/test_simple_character.py::test_admin_can_rename_any_identity PASSED [ 88%]
server/tests/test_simple_character.py::test_other_employee_cannot_rename_identity PASSED [ 88%]
server/tests/test_simple_character.py::test_rename_rejects_empty_name PASSED [ 88%]
server/tests/test_simple_character.py::test_owner_delete_removes_identity_records_and_objects PASSED [ 88%]
server/tests/test_simple_character.py::test_admin_can_delete_any_identity PASSED [ 89%]
server/tests/test_simple_character.py::test_other_employee_cannot_delete_identity PASSED [ 89%]
server/tests/test_simple_character.py::test_delete_rejects_identity_selected_by_project PASSED [ 89%]
server/tests/test_simple_character.py::test_delete_missing_identity_returns_404 PASSED [ 89%]
server/tests/test_simple_character.py::test_owner_regenerates_contact_sheet_as_next_version PASSED [ 89%]
server/tests/test_simple_character.py::test_regenerate_contact_sheet_requires_owner_or_admin PASSED [ 89%]
server/tests/test_simple_character.py::test_crop_contact_sheet_views_extracts_panels_from_dividers PASSED [ 90%]
server/tests/test_simple_character.py::test_crop_contact_sheet_views_falls_back_to_nominal_layout PASSED [ 90%]
server/tests/test_simple_character.py::test_crop_contact_sheet_views_returns_none_for_undecodable_sheets PASSED [ 90%]
server/tests/test_simple_character.py::test_generate_crops_views_from_provider_sheet PASSED [ 90%]
server/tests/test_simple_character.py::test_generate_falls_back_to_placeholder_views_for_stub_payload PASSED [ 90%]
server/tests/test_source_frames.py::test_owner_can_extract_candidates_and_confirm_one PASSED [ 90%]
server/tests/test_source_frames.py::test_source_frame_extraction_requires_owner_and_ready_reference PASSED [ 91%]
server/tests/test_source_frames.py::test_confirmation_rejects_assets_outside_the_latest_candidate_set PASSED [ 91%]
server/tests/test_source_frames.py::test_reextracting_source_frames_makes_the_previous_selection_stale PASSED [ 91%]
server/tests/test_source_frames.py::test_owner_can_reextract_manually_selected_timestamps_within_first_three_seconds PASSED [ 91%]
server/tests/test_source_frames.py::test_manual_source_frame_timestamp_is_limited_to_the_first_three_seconds PASSED [ 91%]
server/tests/test_source_frames.py::test_manual_source_frame_timestamp_rejects_non_finite_values[nan] PASSED [ 91%]
server/tests/test_source_frames.py::test_manual_source_frame_timestamp_rejects_non_finite_values[inf] PASSED [ 92%]
server/tests/test_source_frames.py::test_manual_source_frame_timestamp_rejects_non_finite_values[-inf] PASSED [ 92%]
server/tests/test_source_frames.py::test_manual_source_frame_timestamp_rejects_invalid_ranges_or_duplicates[timestamps0] PASSED [ 92%]
server/tests/test_source_frames.py::test_manual_source_frame_timestamp_rejects_invalid_ranges_or_duplicates[timestamps1] PASSED [ 92%]
server/tests/test_source_frames.py::test_technical_frame_score_prefers_high_detail_over_a_flat_frame PASSED [ 92%]
server/tests/test_source_frames.py::test_ffmpeg_extractor_returns_scored_jpegs_for_requested_timestamps PASSED [ 92%]
server/tests/test_source_frames.py::test_empty_extracted_frame_is_reported_as_an_extraction_failure PASSED [ 93%]
server/tests/test_source_frames.py::test_database_failure_removes_uploaded_candidate_frames PASSED [ 93%]
server/tests/test_storage.py::test_fake_adapter_supports_cos_business_flow PASSED [ 93%]
server/tests/test_storage.py::test_local_storage_maps_filesystem_write_failure_to_backend_unavailable PASSED [ 93%]
server/tests/test_storage.py::test_cloud_adapter_signs_and_operates_on_one_private_object PASSED [ 93%]
server/tests/test_storage.py::test_cloud_upload_intent_headers_isolated_from_sdk_auth_mutation PASSED [ 93%]
server/tests/test_storage.py::test_cos_head_maps_deleted_object_no_such_resource_to_none PASSED [ 94%]
server/tests/test_storage.py::test_cloud_adapter_configures_sdk_timeouts PASSED [ 94%]
server/tests/test_storage.py::test_download_intent_requires_business_permission PASSED [ 94%]
server/tests/test_storage.py::test_archive_failure_can_retry_archive_only PASSED [ 94%]
server/tests/test_storage.py::test_delete_records_redacted_audit_without_presigned_url PASSED [ 94%]
server/tests/test_storage.py::test_local_adapter_stores_objects_under_root_and_rejects_path_escape PASSED [ 95%]
server/tests/test_storage.py::test_storage_uri_reference_rejects_wrong_provider_or_bucket PASSED [ 95%]
server/tests/test_storage.py::test_removed_oss_storage_uri_and_config_are_rejected PASSED [ 95%]
server/tests/test_wallet_billing_service.py::test_reserve_moves_one_credit_and_is_idempotent PASSED [ 95%]
server/tests/test_wallet_billing_service.py::test_reserve_rejects_insufficient_credits_without_partial_write PASSED [ 95%]
server/tests/test_wallet_billing_service.py::test_reserve_rejects_a_new_round_while_the_previous_round_is_active PASSED [ 95%]
server/tests/test_wallet_billing_service.py::test_finalize_success_settles_only_an_archived_result PASSED [ 96%]
server/tests/test_wallet_billing_service.py::test_real_provider_result_must_be_archived_in_cos PASSED [ 96%]
server/tests/test_wallet_billing_service.py::test_finalize_failure_or_cancellation_releases_credit_once[failed] PASSED [ 96%]
server/tests/test_wallet_billing_service.py::test_finalize_failure_or_cancellation_releases_credit_once[cancelled] PASSED [ 96%]
server/tests/test_wallet_billing_service.py::test_released_task_can_reserve_a_new_billing_round PASSED [ 96%]
server/tests/test_wallet_billing_service.py::test_historical_unbilled_task_is_a_noop PASSED [ 96%]
server/tests/test_wallet_billing_service.py::test_concurrent_task_reservations_cannot_overspend PASSED [ 97%]
server/tests/test_wallet_routes.py::test_wallet_returns_only_the_authenticated_users_balance PASSED [ 97%]
server/tests/test_wallet_routes.py::test_wallet_transactions_are_owner_scoped_and_paginated PASSED [ 97%]
server/tests/test_wallet_routes.py::test_wallet_pagination_rejects_unbounded_limits PASSED [ 97%]
server/tests/test_zpay.py::test_zpay_signature_matches_official_sorting_and_unencoded_values PASSED [ 97%]
server/tests/test_zpay.py::test_merchant_order_numbers_are_unique_numeric_and_within_zpay_limit PASSED [ 97%]
server/tests/test_zpay.py::test_zpay_money_is_converted_to_integer_fen[100-10000] PASSED [ 98%]
server/tests/test_zpay.py::test_zpay_money_is_converted_to_integer_fen[100.0-10000] PASSED [ 98%]
server/tests/test_zpay.py::test_zpay_money_is_converted_to_integer_fen[100.00-10000] PASSED [ 98%]
server/tests/test_zpay.py::test_zpay_money_is_converted_to_integer_fen[000100.01-10001] PASSED [ 98%]
server/tests/test_zpay.py::test_zpay_money_rejects_non_positive_or_non_decimal_values[] PASSED [ 98%]
server/tests/test_zpay.py::test_zpay_money_rejects_non_positive_or_non_decimal_values[0] PASSED [ 98%]
server/tests/test_zpay.py::test_zpay_money_rejects_non_positive_or_non_decimal_values[-1] PASSED [ 99%]
server/tests/test_zpay.py::test_zpay_money_rejects_non_positive_or_non_decimal_values[.50] PASSED [ 99%]
server/tests/test_zpay.py::test_zpay_money_rejects_non_positive_or_non_decimal_values[100.] PASSED [ 99%]
server/tests/test_zpay.py::test_zpay_money_rejects_non_positive_or_non_decimal_values[100.001] PASSED [ 99%]
server/tests/test_zpay.py::test_zpay_money_rejects_non_positive_or_non_decimal_values[1e2] PASSED [ 99%]
server/tests/test_zpay.py::test_zpay_money_rejects_non_positive_or_non_decimal_values[NaN] PASSED [100%]

=============================== warnings summary ===============================
server/.venv/lib/python3.13/site-packages/fastapi/testclient.py:1
  /Users/honor.pei/Documents/订单项目/乡墅爆款短视频复刻/.worktrees/feat/customer-v3-t02-baseline/server/.venv/lib/python3.13/site-packages/fastapi/testclient.py:1: StarletteDeprecationWarning: Using `httpx` with `starlette.testclient` is deprecated; install `httpx2` instead.
    from starlette.testclient import TestClient as TestClient  # noqa

-- Docs: https://docs.pytest.org/en/stable/how-to/capture-warnings.html
================== 582 passed, 1 warning in 103.29s (0:01:43) ==================
